
Tem 21, 2018 14:10:53.68 NEW SESSION
Tem 21, 2018 14:10:53.68 [1:1:0721/141053.679149:ERROR:text_encoding_registry.cc(138)] alias ISO-8859-8-I maps to ISO-8859-8-I already, but someone is trying to make it map to ISO-8859-8
Tem 21, 2018 14:10:53.68 [1:1:0721/141053.679159:ERROR:text_encoding_registry.cc(138)] alias ISO-8859-8-I maps to ISO-8859-8-I already, but someone is trying to make it map to ISO-8859-8
Tem 21, 2018 14:14:13.51 [1:1:0721/141413.513168:ERROR:text_encoding_registry.cc(138)] alias ISO-8859-8-I maps to ISO-8859-8-I already, but someone is trying to make it map to ISO-8859-8
Tem 21, 2018 14:14:13.92 [1:1:0721/141413.515039:ERROR:text_encoding_registry.cc(138)] alias ISO-8859-8-I maps to ISO-8859-8-I already, but someone is trying to make it map to ISO-8859-8
Tem 21, 2018 14:15:03.92 [1:1:0721/141503.928592:ERROR:text_encoding_registry.cc(138)] alias ISO-8859-8-I maps to ISO-8859-8-I already, but someone is trying to make it map to ISO-8859-8
Tem 21, 2018 14:15:03.93 [1:1:0721/141503.931931:ERROR:text_encoding_registry.cc(138)] alias ISO-8859-8-I maps to ISO-8859-8-I already, but someone is trying to make it map to ISO-8859-8

Tem 21, 2018 15:08:01.74 NEW SESSION
Tem 21, 2018 15:08:01.74 [1:1:0721/150801.743476:ERROR:text_encoding_registry.cc(138)] alias ISO-8859-8-I maps to ISO-8859-8-I already, but someone is trying to make it map to ISO-8859-8
Tem 21, 2018 15:08:02.53 [1:1:0721/150801.743474:ERROR:text_encoding_registry.cc(138)] alias ISO-8859-8-I maps to ISO-8859-8-I already, but someone is trying to make it map to ISO-8859-8
Tem 21, 2018 15:11:11.31 [1:1:0721/151111.317929:ERROR:text_encoding_registry.cc(138)] alias ISO-8859-8-I maps to ISO-8859-8-I already, but someone is trying to make it map to ISO-8859-8
Tem 21, 2018 15:11:11.33 [1:1:0721/151111.333032:ERROR:text_encoding_registry.cc(138)] alias ISO-8859-8-I maps to ISO-8859-8-I already, but someone is trying to make it map to ISO-8859-8
Tem 21, 2018 16:26:11.60 [6475:6475:0721/162611.606338:ERROR:in_progress_cache_impl.cc(188)] Cache is not initialized, cannot RetrieveEntry.
Tem 21, 2018 16:26:11.64 [1:1:0721/162611.644645:ERROR:text_encoding_registry.cc(138)] alias ISO-8859-8-I maps to ISO-8859-8-I already, but someone is trying to make it map to ISO-8859-8
Tem 21, 2018 16:26:11.66 [1:1:0721/162611.669402:ERROR:text_encoding_registry.cc(138)] alias ISO-8859-8-I maps to ISO-8859-8-I already, but someone is trying to make it map to ISO-8859-8
Tem 21, 2018 16:26:44.01 [1:1:0721/162644.017271:ERROR:text_encoding_registry.cc(138)] alias ISO-8859-8-I maps to ISO-8859-8-I already, but someone is trying to make it map to ISO-8859-8
Tem 21, 2018 16:26:44.22 Mevcut tarayıcı oturumunda yeni pencere oluşturuldu.
Tem 21, 2018 16:26:55.63 [1:1:0721/162655.630809:ERROR:text_encoding_registry.cc(138)] alias ISO-8859-8-I maps to ISO-8859-8-I already, but someone is trying to make it map to ISO-8859-8
Tem 21, 2018 16:26:55.79 Mevcut tarayıcı oturumunda yeni pencere oluşturuldu.
Tem 21, 2018 16:27:13.53 [1:1:0721/162713.530651:ERROR:text_encoding_registry.cc(138)] alias ISO-8859-8-I maps to ISO-8859-8-I already, but someone is trying to make it map to ISO-8859-8
Tem 21, 2018 16:27:13.53 [1:1:0721/162713.531232:ERROR:text_encoding_registry.cc(138)] alias ISO-8859-8-I maps to ISO-8859-8-I already, but someone is trying to make it map to ISO-8859-8
Tem 21, 2018 16:27:26.44 [1:1:0721/162726.445386:ERROR:text_encoding_registry.cc(138)] alias ISO-8859-8-I maps to ISO-8859-8-I already, but someone is trying to make it map to ISO-8859-8
Tem 21, 2018 16:27:26.45 [1:1:0721/162726.453954:ERROR:text_encoding_registry.cc(138)] alias ISO-8859-8-I maps to ISO-8859-8-I already, but someone is trying to make it map to ISO-8859-8
Tem 21, 2018 16:28:34.62 [1:1:0721/162834.620021:ERROR:text_encoding_registry.cc(138)] alias ISO-8859-8-I maps to ISO-8859-8-I already, but someone is trying to make it map to ISO-8859-8
Tem 21, 2018 16:28:34.62 [1:1:0721/162834.627688:ERROR:text_encoding_registry.cc(138)] alias ISO-8859-8-I maps to ISO-8859-8-I already, but someone is trying to make it map to ISO-8859-8
Tem 21, 2018 16:28:52.79 [1:1:0721/162852.797744:ERROR:text_encoding_registry.cc(138)] alias ISO-8859-8-I maps to ISO-8859-8-I already, but someone is trying to make it map to ISO-8859-8
Tem 21, 2018 16:28:52.80 [1:1:0721/162852.801403:ERROR:text_encoding_registry.cc(138)] alias ISO-8859-8-I maps to ISO-8859-8-I already, but someone is trying to make it map to ISO-8859-8
Tem 21, 2018 16:29:08.21 [1:1:0721/162908.212576:ERROR:text_encoding_registry.cc(138)] alias ISO-8859-8-I maps to ISO-8859-8-I already, but someone is trying to make it map to ISO-8859-8
Tem 21, 2018 16:29:08.21 [1:1:0721/162908.216930:ERROR:text_encoding_registry.cc(138)] alias ISO-8859-8-I maps to ISO-8859-8-I already, but someone is trying to make it map to ISO-8859-8
Tem 21, 2018 16:29:16.66 [1:1:0721/162916.664421:ERROR:text_encoding_registry.cc(138)] alias ISO-8859-8-I maps to ISO-8859-8-I already, but someone is trying to make it map to ISO-8859-8
Tem 21, 2018 16:29:16.67 [1:1:0721/162916.679101:ERROR:text_encoding_registry.cc(138)] alias ISO-8859-8-I maps to ISO-8859-8-I already, but someone is trying to make it map to ISO-8859-8
Tem 21, 2018 16:29:24.56 [1:1:0721/162924.568980:ERROR:text_encoding_registry.cc(138)] alias ISO-8859-8-I maps to ISO-8859-8-I already, but someone is trying to make it map to ISO-8859-8
Tem 21, 2018 16:29:24.57 [1:1:0721/162924.573974:ERROR:text_encoding_registry.cc(138)] alias ISO-8859-8-I maps to ISO-8859-8-I already, but someone is trying to make it map to ISO-8859-8
Tem 21, 2018 16:29:35.55 [1:1:0721/162935.550550:ERROR:text_encoding_registry.cc(138)] alias ISO-8859-8-I maps to ISO-8859-8-I already, but someone is trying to make it map to ISO-8859-8
Tem 21, 2018 16:29:35.55 [1:1:0721/162935.555198:ERROR:text_encoding_registry.cc(138)] alias ISO-8859-8-I maps to ISO-8859-8-I already, but someone is trying to make it map to ISO-8859-8
Tem 21, 2018 16:29:44.90 [1:1:0721/162944.900384:ERROR:text_encoding_registry.cc(138)] alias ISO-8859-8-I maps to ISO-8859-8-I already, but someone is trying to make it map to ISO-8859-8
Tem 21, 2018 16:29:44.90 [1:1:0721/162944.903176:ERROR:text_encoding_registry.cc(138)] alias ISO-8859-8-I maps to ISO-8859-8-I already, but someone is trying to make it map to ISO-8859-8
Tem 21, 2018 16:30:29.21 [9365:9365:0721/163029.219329:ERROR:in_progress_cache_impl.cc(188)] Cache is not initialized, cannot RetrieveEntry.
Tem 21, 2018 16:30:29.26 [1:1:0721/163029.261418:ERROR:text_encoding_registry.cc(138)] alias ISO-8859-8-I maps to ISO-8859-8-I already, but someone is trying to make it map to ISO-8859-8
Tem 21, 2018 16:30:29.26 [1:1:0721/163029.265516:ERROR:text_encoding_registry.cc(138)] alias ISO-8859-8-I maps to ISO-8859-8-I already, but someone is trying to make it map to ISO-8859-8
Tem 21, 2018 16:30:40.34 [1:1:0721/163040.344452:ERROR:text_encoding_registry.cc(138)] alias ISO-8859-8-I maps to ISO-8859-8-I already, but someone is trying to make it map to ISO-8859-8
Tem 21, 2018 16:30:40.34 [1:1:0721/163040.348145:ERROR:text_encoding_registry.cc(138)] alias ISO-8859-8-I maps to ISO-8859-8-I already, but someone is trying to make it map to ISO-8859-8
Tem 21, 2018 16:30:59.35 [1:1:0721/163059.352732:ERROR:text_encoding_registry.cc(138)] alias ISO-8859-8-I maps to ISO-8859-8-I already, but someone is trying to make it map to ISO-8859-8
Tem 21, 2018 16:30:59.36 [1:1:0721/163059.360377:ERROR:text_encoding_registry.cc(138)] alias ISO-8859-8-I maps to ISO-8859-8-I already, but someone is trying to make it map to ISO-8859-8
Tem 21, 2018 16:31:22.68 [1:1:0721/163122.680604:ERROR:text_encoding_registry.cc(138)] alias ISO-8859-8-I maps to ISO-8859-8-I already, but someone is trying to make it map to ISO-8859-8
Tem 21, 2018 16:31:22.68 [1:1:0721/163122.683219:ERROR:text_encoding_registry.cc(138)] alias ISO-8859-8-I maps to ISO-8859-8-I already, but someone is trying to make it map to ISO-8859-8
Tem 21, 2018 16:38:45.40 [1:1:0721/163845.403689:ERROR:text_encoding_registry.cc(138)] alias ISO-8859-8-I maps to ISO-8859-8-I already, but someone is trying to make it map to ISO-8859-8
Tem 21, 2018 16:38:45.40 [1:1:0721/163845.407878:ERROR:text_encoding_registry.cc(138)] alias ISO-8859-8-I maps to ISO-8859-8-I already, but someone is trying to make it map to ISO-8859-8
Tem 21, 2018 16:38:57.76 [11292:11292:0721/163857.760588:ERROR:in_progress_cache_impl.cc(188)] Cache is not initialized, cannot RetrieveEntry.
Tem 21, 2018 16:38:57.80 [1:1:0721/163857.807058:ERROR:text_encoding_registry.cc(138)] alias ISO-8859-8-I maps to ISO-8859-8-I already, but someone is trying to make it map to ISO-8859-8
Tem 21, 2018 16:38:57.81 [1:1:0721/163857.816289:ERROR:text_encoding_registry.cc(138)] alias ISO-8859-8-I maps to ISO-8859-8-I already, but someone is trying to make it map to ISO-8859-8
Tem 21, 2018 16:39:13.27 [1:1:0721/163913.272348:ERROR:text_encoding_registry.cc(138)] alias ISO-8859-8-I maps to ISO-8859-8-I already, but someone is trying to make it map to ISO-8859-8
Tem 21, 2018 16:39:13.27 [1:1:0721/163913.273371:ERROR:text_encoding_registry.cc(138)] alias ISO-8859-8-I maps to ISO-8859-8-I already, but someone is trying to make it map to ISO-8859-8
Tem 21, 2018 16:41:39.19 [1:1:0721/164139.195816:ERROR:text_encoding_registry.cc(138)] alias ISO-8859-8-I maps to ISO-8859-8-I already, but someone is trying to make it map to ISO-8859-8
Tem 21, 2018 16:41:39.20 [1:1:0721/164139.202656:ERROR:text_encoding_registry.cc(138)] alias ISO-8859-8-I maps to ISO-8859-8-I already, but someone is trying to make it map to ISO-8859-8
Tem 21, 2018 16:42:08.73 [1:1:0721/164208.735861:ERROR:text_encoding_registry.cc(138)] alias ISO-8859-8-I maps to ISO-8859-8-I already, but someone is trying to make it map to ISO-8859-8
Tem 21, 2018 16:42:08.73 [1:1:0721/164208.735861:ERROR:text_encoding_registry.cc(138)] alias ISO-8859-8-I maps to ISO-8859-8-I already, but someone is trying to make it map to ISO-8859-8
Tem 21, 2018 16:43:24.92 [1:1:0721/164324.922161:ERROR:text_encoding_registry.cc(138)] alias ISO-8859-8-I maps to ISO-8859-8-I already, but someone is trying to make it map to ISO-8859-8
Tem 21, 2018 16:43:24.92 [1:1:0721/164324.929043:ERROR:text_encoding_registry.cc(138)] alias ISO-8859-8-I maps to ISO-8859-8-I already, but someone is trying to make it map to ISO-8859-8
Tem 21, 2018 16:43:38.72 [12927:12927:0721/164338.722354:ERROR:in_progress_cache_impl.cc(188)] Cache is not initialized, cannot RetrieveEntry.
Tem 21, 2018 16:43:38.77 [1:1:0721/164338.773812:ERROR:text_encoding_registry.cc(138)] alias ISO-8859-8-I maps to ISO-8859-8-I already, but someone is trying to make it map to ISO-8859-8
Tem 21, 2018 16:43:38.77 [1:1:0721/164338.779333:ERROR:text_encoding_registry.cc(138)] alias ISO-8859-8-I maps to ISO-8859-8-I already, but someone is trying to make it map to ISO-8859-8
Tem 21, 2018 16:45:47.79 [1:1:0721/164547.798204:ERROR:text_encoding_registry.cc(138)] alias ISO-8859-8-I maps to ISO-8859-8-I already, but someone is trying to make it map to ISO-8859-8
Tem 21, 2018 16:45:47.80 [1:1:0721/164547.803082:ERROR:text_encoding_registry.cc(138)] alias ISO-8859-8-I maps to ISO-8859-8-I already, but someone is trying to make it map to ISO-8859-8
Tem 21, 2018 16:46:03.03 [1:1:0721/164603.031296:ERROR:text_encoding_registry.cc(138)] alias ISO-8859-8-I maps to ISO-8859-8-I already, but someone is trying to make it map to ISO-8859-8
Tem 21, 2018 16:46:03.03 [1:1:0721/164603.032677:ERROR:text_encoding_registry.cc(138)] alias ISO-8859-8-I maps to ISO-8859-8-I already, but someone is trying to make it map to ISO-8859-8
Tem 21, 2018 16:46:44.97 [1:1:0721/164644.961042:ERROR:text_encoding_registry.cc(138)] alias ISO-8859-8-I maps to ISO-8859-8-I already, but someone is trying to make it map to ISO-8859-8
Tem 21, 2018 16:46:45.09 Mevcut tarayıcı oturumunda yeni pencere oluşturuldu.
Tem 21, 2018 16:46:58.87 [1:1:0721/164658.870271:ERROR:text_encoding_registry.cc(138)] alias ISO-8859-8-I maps to ISO-8859-8-I already, but someone is trying to make it map to ISO-8859-8
Tem 21, 2018 16:46:58.87 [1:1:0721/164658.874257:ERROR:text_encoding_registry.cc(138)] alias ISO-8859-8-I maps to ISO-8859-8-I already, but someone is trying to make it map to ISO-8859-8
Tem 21, 2018 16:50:09.24 [1:1:0721/165009.246871:ERROR:text_encoding_registry.cc(138)] alias ISO-8859-8-I maps to ISO-8859-8-I already, but someone is trying to make it map to ISO-8859-8
Tem 21, 2018 16:50:09.24 [1:1:0721/165009.247182:ERROR:text_encoding_registry.cc(138)] alias ISO-8859-8-I maps to ISO-8859-8-I already, but someone is trying to make it map to ISO-8859-8
Tem 21, 2018 16:50:22.21 [1:1:0721/165022.215589:ERROR:text_encoding_registry.cc(138)] alias ISO-8859-8-I maps to ISO-8859-8-I already, but someone is trying to make it map to ISO-8859-8
Tem 21, 2018 16:50:22.22 [1:1:0721/165022.224129:ERROR:text_encoding_registry.cc(138)] alias ISO-8859-8-I maps to ISO-8859-8-I already, but someone is trying to make it map to ISO-8859-8
Tem 21, 2018 16:51:23.91 [1:1:0721/165123.918565:ERROR:text_encoding_registry.cc(138)] alias ISO-8859-8-I maps to ISO-8859-8-I already, but someone is trying to make it map to ISO-8859-8
Tem 21, 2018 16:51:23.92 [1:1:0721/165123.923013:ERROR:text_encoding_registry.cc(138)] alias ISO-8859-8-I maps to ISO-8859-8-I already, but someone is trying to make it map to ISO-8859-8
Tem 21, 2018 16:52:13.32 [1:1:0721/165213.321410:ERROR:text_encoding_registry.cc(138)] alias ISO-8859-8-I maps to ISO-8859-8-I already, but someone is trying to make it map to ISO-8859-8
Tem 21, 2018 16:52:13.32 [1:1:0721/165213.326762:ERROR:text_encoding_registry.cc(138)] alias ISO-8859-8-I maps to ISO-8859-8-I already, but someone is trying to make it map to ISO-8859-8
Tem 21, 2018 16:52:43.73 [1:1:0721/165243.731708:ERROR:text_encoding_registry.cc(138)] alias ISO-8859-8-I maps to ISO-8859-8-I already, but someone is trying to make it map to ISO-8859-8
Tem 21, 2018 16:52:43.73 [1:1:0721/165243.735402:ERROR:text_encoding_registry.cc(138)] alias ISO-8859-8-I maps to ISO-8859-8-I already, but someone is trying to make it map to ISO-8859-8
Tem 21, 2018 16:53:12.39 [1:1:0721/165312.396381:ERROR:text_encoding_registry.cc(138)] alias ISO-8859-8-I maps to ISO-8859-8-I already, but someone is trying to make it map to ISO-8859-8
Tem 21, 2018 16:53:12.39 [1:1:0721/165312.396577:ERROR:text_encoding_registry.cc(138)] alias ISO-8859-8-I maps to ISO-8859-8-I already, but someone is trying to make it map to ISO-8859-8
Tem 21, 2018 16:53:33.19 [16076:16076:0721/165333.199740:ERROR:in_progress_cache_impl.cc(188)] Cache is not initialized, cannot RetrieveEntry.
Tem 21, 2018 16:53:33.26 [1:1:0721/165333.269344:ERROR:text_encoding_registry.cc(138)] alias ISO-8859-8-I maps to ISO-8859-8-I already, but someone is trying to make it map to ISO-8859-8
Tem 21, 2018 16:53:33.28 [1:1:0721/165333.280901:ERROR:text_encoding_registry.cc(138)] alias ISO-8859-8-I maps to ISO-8859-8-I already, but someone is trying to make it map to ISO-8859-8
Tem 21, 2018 16:53:43.31 [16076:16113:0721/165343.315819:ERROR:shared_change_processor.cc(202)] Passwords datatype error was encountered: Change processor disconnected.
Tem 21, 2018 17:00:02.01 [1:1:0721/170002.010177:ERROR:text_encoding_registry.cc(138)] alias ISO-8859-8-I maps to ISO-8859-8-I already, but someone is trying to make it map to ISO-8859-8
Tem 21, 2018 17:00:02.01 [1:1:0721/170002.016608:ERROR:text_encoding_registry.cc(138)] alias ISO-8859-8-I maps to ISO-8859-8-I already, but someone is trying to make it map to ISO-8859-8
Tem 21, 2018 17:00:52.28 [1:1:0721/170052.287743:ERROR:text_encoding_registry.cc(138)] alias ISO-8859-8-I maps to ISO-8859-8-I already, but someone is trying to make it map to ISO-8859-8
Tem 21, 2018 17:00:52.29 [1:1:0721/170052.295398:ERROR:text_encoding_registry.cc(138)] alias ISO-8859-8-I maps to ISO-8859-8-I already, but someone is trying to make it map to ISO-8859-8
Tem 21, 2018 17:01:50.11 [1:1:0721/170150.118206:ERROR:text_encoding_registry.cc(138)] alias ISO-8859-8-I maps to ISO-8859-8-I already, but someone is trying to make it map to ISO-8859-8
Tem 21, 2018 17:01:50.12 [1:1:0721/170150.123912:ERROR:text_encoding_registry.cc(138)] alias ISO-8859-8-I maps to ISO-8859-8-I already, but someone is trying to make it map to ISO-8859-8
Tem 21, 2018 17:02:08.76 [1:1:0721/170208.768718:ERROR:text_encoding_registry.cc(138)] alias ISO-8859-8-I maps to ISO-8859-8-I already, but someone is trying to make it map to ISO-8859-8
Tem 21, 2018 17:02:08.77 [1:1:0721/170208.775292:ERROR:text_encoding_registry.cc(138)] alias ISO-8859-8-I maps to ISO-8859-8-I already, but someone is trying to make it map to ISO-8859-8
Tem 21, 2018 17:02:47.91 [1:1:0721/170247.912093:ERROR:text_encoding_registry.cc(138)] alias ISO-8859-8-I maps to ISO-8859-8-I already, but someone is trying to make it map to ISO-8859-8
Tem 21, 2018 17:02:47.92 [1:1:0721/170247.921395:ERROR:text_encoding_registry.cc(138)] alias ISO-8859-8-I maps to ISO-8859-8-I already, but someone is trying to make it map to ISO-8859-8
Tem 21, 2018 17:02:54.00 [1:1:0721/170254.003338:ERROR:text_encoding_registry.cc(138)] alias ISO-8859-8-I maps to ISO-8859-8-I already, but someone is trying to make it map to ISO-8859-8
Tem 21, 2018 17:02:54.89 [1:1:0721/170254.891370:ERROR:text_encoding_registry.cc(138)] alias ISO-8859-8-I maps to ISO-8859-8-I already, but someone is trying to make it map to ISO-8859-8
Tem 21, 2018 17:02:57.52 [1:1:0721/170257.522191:ERROR:text_encoding_registry.cc(138)] alias ISO-8859-8-I maps to ISO-8859-8-I already, but someone is trying to make it map to ISO-8859-8
Tem 21, 2018 17:02:58.74 [1:1:0721/170258.747977:ERROR:text_encoding_registry.cc(138)] alias ISO-8859-8-I maps to ISO-8859-8-I already, but someone is trying to make it map to ISO-8859-8
Tem 21, 2018 17:02:59.95 [1:1:0721/170259.955898:ERROR:text_encoding_registry.cc(138)] alias ISO-8859-8-I maps to ISO-8859-8-I already, but someone is trying to make it map to ISO-8859-8
Tem 21, 2018 17:03:03.05 [1:1:0721/170303.056300:ERROR:text_encoding_registry.cc(138)] alias ISO-8859-8-I maps to ISO-8859-8-I already, but someone is trying to make it map to ISO-8859-8
Tem 21, 2018 17:03:05.73 [1:1:0721/170305.732025:ERROR:text_encoding_registry.cc(138)] alias ISO-8859-8-I maps to ISO-8859-8-I already, but someone is trying to make it map to ISO-8859-8
Tem 21, 2018 17:03:07.86 [1:1:0721/170307.863474:ERROR:text_encoding_registry.cc(138)] alias ISO-8859-8-I maps to ISO-8859-8-I already, but someone is trying to make it map to ISO-8859-8
Tem 21, 2018 17:03:09.37 [1:1:0721/170309.373196:ERROR:text_encoding_registry.cc(138)] alias ISO-8859-8-I maps to ISO-8859-8-I already, but someone is trying to make it map to ISO-8859-8
Tem 21, 2018 17:04:07.02 [1:1:0721/170407.024318:ERROR:text_encoding_registry.cc(138)] alias ISO-8859-8-I maps to ISO-8859-8-I already, but someone is trying to make it map to ISO-8859-8
Tem 21, 2018 17:04:07.20 Mevcut tarayıcı oturumunda yeni pencere oluşturuldu.
Tem 21, 2018 17:04:36.24 [1:1:0721/170436.233317:ERROR:text_encoding_registry.cc(138)] alias ISO-8859-8-I maps to ISO-8859-8-I already, but someone is trying to make it map to ISO-8859-8
Tem 21, 2018 17:04:36.24 [1:1:0721/170436.234389:ERROR:text_encoding_registry.cc(138)] alias ISO-8859-8-I maps to ISO-8859-8-I already, but someone is trying to make it map to ISO-8859-8
Tem 21, 2018 17:05:42.54 [1:1:0721/170542.549130:ERROR:text_encoding_registry.cc(138)] alias ISO-8859-8-I maps to ISO-8859-8-I already, but someone is trying to make it map to ISO-8859-8
Tem 21, 2018 17:05:42.54 [1:1:0721/170542.549785:ERROR:text_encoding_registry.cc(138)] alias ISO-8859-8-I maps to ISO-8859-8-I already, but someone is trying to make it map to ISO-8859-8
Tem 21, 2018 17:06:10.78 [1:1:0721/170610.783918:ERROR:text_encoding_registry.cc(138)] alias ISO-8859-8-I maps to ISO-8859-8-I already, but someone is trying to make it map to ISO-8859-8
Tem 21, 2018 17:06:10.79 [1:1:0721/170610.789677:ERROR:text_encoding_registry.cc(138)] alias ISO-8859-8-I maps to ISO-8859-8-I already, but someone is trying to make it map to ISO-8859-8
Tem 21, 2018 17:06:29.11 [1:1:0721/170629.112676:ERROR:text_encoding_registry.cc(138)] alias ISO-8859-8-I maps to ISO-8859-8-I already, but someone is trying to make it map to ISO-8859-8
Tem 21, 2018 17:06:29.12 [1:1:0721/170629.125779:ERROR:text_encoding_registry.cc(138)] alias ISO-8859-8-I maps to ISO-8859-8-I already, but someone is trying to make it map to ISO-8859-8
Tem 21, 2018 17:06:37.87 [1:1:0721/170637.877097:ERROR:text_encoding_registry.cc(138)] alias ISO-8859-8-I maps to ISO-8859-8-I already, but someone is trying to make it map to ISO-8859-8
Tem 21, 2018 17:06:37.88 [1:1:0721/170637.886940:ERROR:text_encoding_registry.cc(138)] alias ISO-8859-8-I maps to ISO-8859-8-I already, but someone is trying to make it map to ISO-8859-8
Tem 21, 2018 17:06:45.09 [1:1:0721/170645.093719:ERROR:text_encoding_registry.cc(138)] alias ISO-8859-8-I maps to ISO-8859-8-I already, but someone is trying to make it map to ISO-8859-8
Tem 21, 2018 17:06:45.09 [1:1:0721/170645.097379:ERROR:text_encoding_registry.cc(138)] alias ISO-8859-8-I maps to ISO-8859-8-I already, but someone is trying to make it map to ISO-8859-8
Tem 21, 2018 17:06:54.93 [1:1:0721/170654.938602:ERROR:text_encoding_registry.cc(138)] alias ISO-8859-8-I maps to ISO-8859-8-I already, but someone is trying to make it map to ISO-8859-8
Tem 21, 2018 17:06:54.94 [1:1:0721/170654.942684:ERROR:text_encoding_registry.cc(138)] alias ISO-8859-8-I maps to ISO-8859-8-I already, but someone is trying to make it map to ISO-8859-8
Tem 21, 2018 17:07:03.48 [1:1:0721/170703.480032:ERROR:text_encoding_registry.cc(138)] alias ISO-8859-8-I maps to ISO-8859-8-I already, but someone is trying to make it map to ISO-8859-8
Tem 21, 2018 17:07:03.48 [1:1:0721/170703.483127:ERROR:text_encoding_registry.cc(138)] alias ISO-8859-8-I maps to ISO-8859-8-I already, but someone is trying to make it map to ISO-8859-8
Tem 21, 2018 17:07:37.27 [1:1:0721/170737.271662:ERROR:text_encoding_registry.cc(138)] alias ISO-8859-8-I maps to ISO-8859-8-I already, but someone is trying to make it map to ISO-8859-8
Tem 21, 2018 17:07:37.27 [1:1:0721/170737.277634:ERROR:text_encoding_registry.cc(138)] alias ISO-8859-8-I maps to ISO-8859-8-I already, but someone is trying to make it map to ISO-8859-8
Tem 21, 2018 17:10:12.05 [1:1:0721/171012.058161:ERROR:text_encoding_registry.cc(138)] alias ISO-8859-8-I maps to ISO-8859-8-I already, but someone is trying to make it map to ISO-8859-8
Tem 21, 2018 17:10:12.19 Mevcut tarayıcı oturumunda yeni pencere oluşturuldu.
Tem 21, 2018 17:10:28.19 [20449:20449:0721/171028.191708:ERROR:buffer_manager.cc(461)] [.DisplayCompositor-0xf0621438c00]GL ERROR :GL_INVALID_OPERATION : glBufferData: <- error from previous GL command
Tem 21, 2018 17:12:48.29 [1:1:0721/171248.295649:ERROR:text_encoding_registry.cc(138)] alias ISO-8859-8-I maps to ISO-8859-8-I already, but someone is trying to make it map to ISO-8859-8
Tem 21, 2018 17:12:48.30 [1:1:0721/171248.302391:ERROR:text_encoding_registry.cc(138)] alias ISO-8859-8-I maps to ISO-8859-8-I already, but someone is trying to make it map to ISO-8859-8
Tem 21, 2018 17:13:45.21 [1:1:0721/171345.218526:ERROR:text_encoding_registry.cc(138)] alias ISO-8859-8-I maps to ISO-8859-8-I already, but someone is trying to make it map to ISO-8859-8
Tem 21, 2018 17:13:45.22 [1:1:0721/171345.223883:ERROR:text_encoding_registry.cc(138)] alias ISO-8859-8-I maps to ISO-8859-8-I already, but someone is trying to make it map to ISO-8859-8
Tem 21, 2018 17:14:03.67 [1:1:0721/171403.674441:ERROR:text_encoding_registry.cc(138)] alias ISO-8859-8-I maps to ISO-8859-8-I already, but someone is trying to make it map to ISO-8859-8
Tem 21, 2018 17:14:03.68 [1:1:0721/171403.680334:ERROR:text_encoding_registry.cc(138)] alias ISO-8859-8-I maps to ISO-8859-8-I already, but someone is trying to make it map to ISO-8859-8
Tem 21, 2018 17:14:31.08 [1:1:0721/171431.080563:ERROR:text_encoding_registry.cc(138)] alias ISO-8859-8-I maps to ISO-8859-8-I already, but someone is trying to make it map to ISO-8859-8
Tem 21, 2018 17:14:31.08 [1:1:0721/171431.085972:ERROR:text_encoding_registry.cc(138)] alias ISO-8859-8-I maps to ISO-8859-8-I already, but someone is trying to make it map to ISO-8859-8
Tem 21, 2018 17:14:47.83 [1:1:0721/171447.830238:ERROR:text_encoding_registry.cc(138)] alias ISO-8859-8-I maps to ISO-8859-8-I already, but someone is trying to make it map to ISO-8859-8
Tem 21, 2018 17:14:47.83 [1:1:0721/171447.830399:ERROR:text_encoding_registry.cc(138)] alias ISO-8859-8-I maps to ISO-8859-8-I already, but someone is trying to make it map to ISO-8859-8
Tem 21, 2018 17:15:53.64 [1:1:0721/171553.643448:ERROR:text_encoding_registry.cc(138)] alias ISO-8859-8-I maps to ISO-8859-8-I already, but someone is trying to make it map to ISO-8859-8
Tem 21, 2018 17:15:53.64 [1:1:0721/171553.645963:ERROR:text_encoding_registry.cc(138)] alias ISO-8859-8-I maps to ISO-8859-8-I already, but someone is trying to make it map to ISO-8859-8
Tem 21, 2018 17:16:12.93 [1:1:0721/171612.931679:ERROR:text_encoding_registry.cc(138)] alias ISO-8859-8-I maps to ISO-8859-8-I already, but someone is trying to make it map to ISO-8859-8
Tem 21, 2018 17:16:12.93 [1:1:0721/171612.931721:ERROR:text_encoding_registry.cc(138)] alias ISO-8859-8-I maps to ISO-8859-8-I already, but someone is trying to make it map to ISO-8859-8
Tem 21, 2018 17:17:18.36 [1:1:0721/171718.367003:ERROR:text_encoding_registry.cc(138)] alias ISO-8859-8-I maps to ISO-8859-8-I already, but someone is trying to make it map to ISO-8859-8
Tem 21, 2018 17:17:18.37 [1:1:0721/171718.374507:ERROR:text_encoding_registry.cc(138)] alias ISO-8859-8-I maps to ISO-8859-8-I already, but someone is trying to make it map to ISO-8859-8
Tem 21, 2018 17:18:00.89 [23080:23080:0721/171800.896241:ERROR:in_progress_cache_impl.cc(188)] Cache is not initialized, cannot RetrieveEntry.
Tem 21, 2018 17:18:00.94 [1:1:0721/171800.945758:ERROR:text_encoding_registry.cc(138)] alias ISO-8859-8-I maps to ISO-8859-8-I already, but someone is trying to make it map to ISO-8859-8
Tem 21, 2018 17:18:00.95 [1:1:0721/171800.956720:ERROR:text_encoding_registry.cc(138)] alias ISO-8859-8-I maps to ISO-8859-8-I already, but someone is trying to make it map to ISO-8859-8
Tem 21, 2018 17:18:22.98 [1:1:0721/171822.984903:ERROR:text_encoding_registry.cc(138)] alias ISO-8859-8-I maps to ISO-8859-8-I already, but someone is trying to make it map to ISO-8859-8
Tem 21, 2018 17:18:22.98 [1:1:0721/171822.984918:ERROR:text_encoding_registry.cc(138)] alias ISO-8859-8-I maps to ISO-8859-8-I already, but someone is trying to make it map to ISO-8859-8
Tem 21, 2018 17:20:55.28 [1:1:0721/172055.288478:ERROR:text_encoding_registry.cc(138)] alias ISO-8859-8-I maps to ISO-8859-8-I already, but someone is trying to make it map to ISO-8859-8
Tem 21, 2018 17:20:55.29 [1:1:0721/172055.297574:ERROR:text_encoding_registry.cc(138)] alias ISO-8859-8-I maps to ISO-8859-8-I already, but someone is trying to make it map to ISO-8859-8
Tem 21, 2018 17:21:13.46 [23842:23842:0721/172113.464449:ERROR:in_progress_cache_impl.cc(188)] Cache is not initialized, cannot RetrieveEntry.
Tem 21, 2018 17:21:13.50 [1:1:0721/172113.508186:ERROR:text_encoding_registry.cc(138)] alias ISO-8859-8-I maps to ISO-8859-8-I already, but someone is trying to make it map to ISO-8859-8
Tem 21, 2018 17:21:13.51 [1:1:0721/172113.516431:ERROR:text_encoding_registry.cc(138)] alias ISO-8859-8-I maps to ISO-8859-8-I already, but someone is trying to make it map to ISO-8859-8
Tem 21, 2018 17:22:53.22 [24198:24198:0721/172253.227915:ERROR:in_progress_cache_impl.cc(188)] Cache is not initialized, cannot RetrieveEntry.
Tem 21, 2018 17:22:53.28 [1:1:0721/172253.283047:ERROR:text_encoding_registry.cc(138)] alias ISO-8859-8-I maps to ISO-8859-8-I already, but someone is trying to make it map to ISO-8859-8
Tem 21, 2018 17:22:53.28 [1:1:0721/172253.283047:ERROR:text_encoding_registry.cc(138)] alias ISO-8859-8-I maps to ISO-8859-8-I already, but someone is trying to make it map to ISO-8859-8
Tem 21, 2018 17:23:24.64 [1:1:0721/172324.642293:ERROR:text_encoding_registry.cc(138)] alias ISO-8859-8-I maps to ISO-8859-8-I already, but someone is trying to make it map to ISO-8859-8
Tem 21, 2018 17:23:24.65 [1:1:0721/172324.650020:ERROR:text_encoding_registry.cc(138)] alias ISO-8859-8-I maps to ISO-8859-8-I already, but someone is trying to make it map to ISO-8859-8
Tem 21, 2018 17:24:18.74 [24726:24726:0721/172418.746444:ERROR:in_progress_cache_impl.cc(188)] Cache is not initialized, cannot RetrieveEntry.
Tem 21, 2018 17:24:18.80 [1:1:0721/172418.801577:ERROR:text_encoding_registry.cc(138)] alias ISO-8859-8-I maps to ISO-8859-8-I already, but someone is trying to make it map to ISO-8859-8
Tem 21, 2018 17:24:18.80 [1:1:0721/172418.803184:ERROR:text_encoding_registry.cc(138)] alias ISO-8859-8-I maps to ISO-8859-8-I already, but someone is trying to make it map to ISO-8859-8
Tem 21, 2018 17:24:34.63 [1:1:0721/172434.632521:ERROR:text_encoding_registry.cc(138)] alias ISO-8859-8-I maps to ISO-8859-8-I already, but someone is trying to make it map to ISO-8859-8
Tem 21, 2018 17:24:34.63 [1:1:0721/172434.636148:ERROR:text_encoding_registry.cc(138)] alias ISO-8859-8-I maps to ISO-8859-8-I already, but someone is trying to make it map to ISO-8859-8
Tem 21, 2018 17:24:49.33 [1:1:0721/172449.336917:ERROR:text_encoding_registry.cc(138)] alias ISO-8859-8-I maps to ISO-8859-8-I already, but someone is trying to make it map to ISO-8859-8
Tem 21, 2018 17:24:49.34 [1:1:0721/172449.340729:ERROR:text_encoding_registry.cc(138)] alias ISO-8859-8-I maps to ISO-8859-8-I already, but someone is trying to make it map to ISO-8859-8
Tem 21, 2018 17:25:02.85 [1:1:0721/172502.853641:ERROR:text_encoding_registry.cc(138)] alias ISO-8859-8-I maps to ISO-8859-8-I already, but someone is trying to make it map to ISO-8859-8
Tem 21, 2018 17:25:02.85 [1:1:0721/172502.858163:ERROR:text_encoding_registry.cc(138)] alias ISO-8859-8-I maps to ISO-8859-8-I already, but someone is trying to make it map to ISO-8859-8
Tem 21, 2018 17:25:12.98 [1:1:0721/172512.985696:ERROR:text_encoding_registry.cc(138)] alias ISO-8859-8-I maps to ISO-8859-8-I already, but someone is trying to make it map to ISO-8859-8
Tem 21, 2018 17:25:12.99 [1:1:0721/172512.992344:ERROR:text_encoding_registry.cc(138)] alias ISO-8859-8-I maps to ISO-8859-8-I already, but someone is trying to make it map to ISO-8859-8
Tem 21, 2018 17:25:27.61 [1:1:0721/172527.616463:ERROR:text_encoding_registry.cc(138)] alias ISO-8859-8-I maps to ISO-8859-8-I already, but someone is trying to make it map to ISO-8859-8
Tem 21, 2018 17:25:27.61 [1:1:0721/172527.616629:ERROR:text_encoding_registry.cc(138)] alias ISO-8859-8-I maps to ISO-8859-8-I already, but someone is trying to make it map to ISO-8859-8
Tem 21, 2018 17:25:38.95 [1:1:0721/172538.952542:ERROR:text_encoding_registry.cc(138)] alias ISO-8859-8-I maps to ISO-8859-8-I already, but someone is trying to make it map to ISO-8859-8
Tem 21, 2018 17:25:38.95 [1:1:0721/172538.954861:ERROR:text_encoding_registry.cc(138)] alias ISO-8859-8-I maps to ISO-8859-8-I already, but someone is trying to make it map to ISO-8859-8
Tem 21, 2018 17:25:48.35 [1:1:0721/172548.359736:ERROR:text_encoding_registry.cc(138)] alias ISO-8859-8-I maps to ISO-8859-8-I already, but someone is trying to make it map to ISO-8859-8
Tem 21, 2018 17:25:48.36 [1:1:0721/172548.362562:ERROR:text_encoding_registry.cc(138)] alias ISO-8859-8-I maps to ISO-8859-8-I already, but someone is trying to make it map to ISO-8859-8
Tem 21, 2018 17:26:05.09 [1:1:0721/172605.093349:ERROR:text_encoding_registry.cc(138)] alias ISO-8859-8-I maps to ISO-8859-8-I already, but someone is trying to make it map to ISO-8859-8
Tem 21, 2018 17:26:05.09 [1:1:0721/172605.094702:ERROR:text_encoding_registry.cc(138)] alias ISO-8859-8-I maps to ISO-8859-8-I already, but someone is trying to make it map to ISO-8859-8
Tem 21, 2018 17:26:16.79 [1:1:0721/172616.796514:ERROR:text_encoding_registry.cc(138)] alias ISO-8859-8-I maps to ISO-8859-8-I already, but someone is trying to make it map to ISO-8859-8
Tem 21, 2018 17:26:16.79 [1:1:0721/172616.797304:ERROR:text_encoding_registry.cc(138)] alias ISO-8859-8-I maps to ISO-8859-8-I already, but someone is trying to make it map to ISO-8859-8
Tem 21, 2018 17:26:28.11 [1:1:0721/172628.116149:ERROR:text_encoding_registry.cc(138)] alias ISO-8859-8-I maps to ISO-8859-8-I already, but someone is trying to make it map to ISO-8859-8
Tem 21, 2018 17:26:28.12 [1:1:0721/172628.122960:ERROR:text_encoding_registry.cc(138)] alias ISO-8859-8-I maps to ISO-8859-8-I already, but someone is trying to make it map to ISO-8859-8
Tem 21, 2018 17:26:40.33 [1:1:0721/172640.329962:ERROR:text_encoding_registry.cc(138)] alias ISO-8859-8-I maps to ISO-8859-8-I already, but someone is trying to make it map to ISO-8859-8
Tem 21, 2018 17:26:40.33 [1:1:0721/172640.329962:ERROR:text_encoding_registry.cc(138)] alias ISO-8859-8-I maps to ISO-8859-8-I already, but someone is trying to make it map to ISO-8859-8
Tem 21, 2018 17:32:12.08 [27662:27662:0721/173212.083386:ERROR:in_progress_cache_impl.cc(188)] Cache is not initialized, cannot RetrieveEntry.
Tem 21, 2018 17:32:12.13 [1:1:0721/173212.133009:ERROR:text_encoding_registry.cc(138)] alias ISO-8859-8-I maps to ISO-8859-8-I already, but someone is trying to make it map to ISO-8859-8
Tem 21, 2018 17:32:12.13 [1:1:0721/173212.136451:ERROR:text_encoding_registry.cc(138)] alias ISO-8859-8-I maps to ISO-8859-8-I already, but someone is trying to make it map to ISO-8859-8
Tem 21, 2018 17:32:43.36 [1:1:0721/173243.360143:ERROR:text_encoding_registry.cc(138)] alias ISO-8859-8-I maps to ISO-8859-8-I already, but someone is trying to make it map to ISO-8859-8
Tem 21, 2018 17:32:43.50 Mevcut tarayıcı oturumunda yeni pencere oluşturuldu.
Tem 21, 2018 17:32:53.21 [1:1:0721/173253.212340:ERROR:text_encoding_registry.cc(138)] alias ISO-8859-8-I maps to ISO-8859-8-I already, but someone is trying to make it map to ISO-8859-8
Tem 21, 2018 17:32:53.21 [1:1:0721/173253.214565:ERROR:text_encoding_registry.cc(138)] alias ISO-8859-8-I maps to ISO-8859-8-I already, but someone is trying to make it map to ISO-8859-8
Tem 21, 2018 17:33:14.02 [28310:28310:0721/173314.023543:ERROR:in_progress_cache_impl.cc(188)] Cache is not initialized, cannot RetrieveEntry.
Tem 21, 2018 17:33:14.06 [1:1:0721/173314.067901:ERROR:text_encoding_registry.cc(138)] alias ISO-8859-8-I maps to ISO-8859-8-I already, but someone is trying to make it map to ISO-8859-8
Tem 21, 2018 17:33:14.07 [1:1:0721/173314.075854:ERROR:text_encoding_registry.cc(138)] alias ISO-8859-8-I maps to ISO-8859-8-I already, but someone is trying to make it map to ISO-8859-8
Tem 21, 2018 17:33:31.46 [1:1:0721/173331.464613:ERROR:text_encoding_registry.cc(138)] alias ISO-8859-8-I maps to ISO-8859-8-I already, but someone is trying to make it map to ISO-8859-8
Tem 21, 2018 17:33:31.47 [1:1:0721/173331.474933:ERROR:text_encoding_registry.cc(138)] alias ISO-8859-8-I maps to ISO-8859-8-I already, but someone is trying to make it map to ISO-8859-8
Tem 21, 2018 17:33:41.41 [1:1:0721/173341.414038:ERROR:text_encoding_registry.cc(138)] alias ISO-8859-8-I maps to ISO-8859-8-I already, but someone is trying to make it map to ISO-8859-8
Tem 21, 2018 17:33:41.41 [1:1:0721/173341.417909:ERROR:text_encoding_registry.cc(138)] alias ISO-8859-8-I maps to ISO-8859-8-I already, but someone is trying to make it map to ISO-8859-8
Tem 21, 2018 17:46:09.84 [1:1:0721/174609.840331:ERROR:text_encoding_registry.cc(138)] alias ISO-8859-8-I maps to ISO-8859-8-I already, but someone is trying to make it map to ISO-8859-8
Tem 21, 2018 17:46:09.85 [1:1:0721/174609.851460:ERROR:text_encoding_registry.cc(138)] alias ISO-8859-8-I maps to ISO-8859-8-I already, but someone is trying to make it map to ISO-8859-8
Tem 21, 2018 17:46:38.29 [1:1:0721/174638.295211:ERROR:text_encoding_registry.cc(138)] alias ISO-8859-8-I maps to ISO-8859-8-I already, but someone is trying to make it map to ISO-8859-8
Tem 21, 2018 17:46:38.29 [1:1:0721/174638.299160:ERROR:text_encoding_registry.cc(138)] alias ISO-8859-8-I maps to ISO-8859-8-I already, but someone is trying to make it map to ISO-8859-8
Tem 21, 2018 17:47:23.52 [1:1:0721/174723.523687:ERROR:text_encoding_registry.cc(138)] alias ISO-8859-8-I maps to ISO-8859-8-I already, but someone is trying to make it map to ISO-8859-8
Tem 21, 2018 17:47:23.52 [1:1:0721/174723.525258:ERROR:text_encoding_registry.cc(138)] alias ISO-8859-8-I maps to ISO-8859-8-I already, but someone is trying to make it map to ISO-8859-8
Tem 21, 2018 17:51:23.58 [1:1:0721/175123.589526:ERROR:text_encoding_registry.cc(138)] alias ISO-8859-8-I maps to ISO-8859-8-I already, but someone is trying to make it map to ISO-8859-8
Tem 21, 2018 17:51:23.59 [1:1:0721/175123.597205:ERROR:text_encoding_registry.cc(138)] alias ISO-8859-8-I maps to ISO-8859-8-I already, but someone is trying to make it map to ISO-8859-8
Tem 21, 2018 17:52:02.16 [1:1:0721/175202.159745:ERROR:text_encoding_registry.cc(138)] alias ISO-8859-8-I maps to ISO-8859-8-I already, but someone is trying to make it map to ISO-8859-8
Tem 21, 2018 17:52:02.16 [1:1:0721/175202.167003:ERROR:text_encoding_registry.cc(138)] alias ISO-8859-8-I maps to ISO-8859-8-I already, but someone is trying to make it map to ISO-8859-8
Tem 21, 2018 17:53:31.90 [1:1:0721/175331.905922:ERROR:text_encoding_registry.cc(138)] alias ISO-8859-8-I maps to ISO-8859-8-I already, but someone is trying to make it map to ISO-8859-8
Tem 21, 2018 17:53:31.91 [1:1:0721/175331.909978:ERROR:text_encoding_registry.cc(138)] alias ISO-8859-8-I maps to ISO-8859-8-I already, but someone is trying to make it map to ISO-8859-8
Tem 21, 2018 18:03:57.31 [1:1:0721/180357.311437:ERROR:text_encoding_registry.cc(138)] alias ISO-8859-8-I maps to ISO-8859-8-I already, but someone is trying to make it map to ISO-8859-8
Tem 21, 2018 18:03:57.31 [1:1:0721/180357.316363:ERROR:text_encoding_registry.cc(138)] alias ISO-8859-8-I maps to ISO-8859-8-I already, but someone is trying to make it map to ISO-8859-8
Tem 21, 2018 19:20:20.95 [1:1:0721/192020.952011:ERROR:text_encoding_registry.cc(138)] alias ISO-8859-8-I maps to ISO-8859-8-I already, but someone is trying to make it map to ISO-8859-8
Tem 21, 2018 19:20:20.96 [1:1:0721/192020.960756:ERROR:text_encoding_registry.cc(138)] alias ISO-8859-8-I maps to ISO-8859-8-I already, but someone is trying to make it map to ISO-8859-8
Tem 21, 2018 22:56:30.71 [1:1:0721/225630.719121:ERROR:text_encoding_registry.cc(138)] alias ISO-8859-8-I maps to ISO-8859-8-I already, but someone is trying to make it map to ISO-8859-8
Tem 21, 2018 22:56:30.72 [1:1:0721/225630.722938:ERROR:text_encoding_registry.cc(138)] alias ISO-8859-8-I maps to ISO-8859-8-I already, but someone is trying to make it map to ISO-8859-8
Tem 21, 2018 23:22:20.50 [1:1:0721/232220.502865:ERROR:text_encoding_registry.cc(138)] alias ISO-8859-8-I maps to ISO-8859-8-I already, but someone is trying to make it map to ISO-8859-8
Tem 21, 2018 23:22:20.51 [1:1:0721/232220.510207:ERROR:text_encoding_registry.cc(138)] alias ISO-8859-8-I maps to ISO-8859-8-I already, but someone is trying to make it map to ISO-8859-8
Tem 21, 2018 23:46:09.29 [1:1:0721/234609.293767:ERROR:text_encoding_registry.cc(138)] alias ISO-8859-8-I maps to ISO-8859-8-I already, but someone is trying to make it map to ISO-8859-8
Tem 21, 2018 23:46:09.30 [1:1:0721/234609.301048:ERROR:text_encoding_registry.cc(138)] alias ISO-8859-8-I maps to ISO-8859-8-I already, but someone is trying to make it map to ISO-8859-8
Tem 21, 2018 23:46:25.89 Gtk-Message: 23:46:25.896: GtkDialog mapped without a transient parent. This is discouraged.
Tem 21, 2018 23:50:47.24 [1:1:0721/235047.244622:ERROR:text_encoding_registry.cc(138)] alias ISO-8859-8-I maps to ISO-8859-8-I already, but someone is trying to make it map to ISO-8859-8
Tem 21, 2018 23:50:47.25 [1:1:0721/235047.254994:ERROR:text_encoding_registry.cc(138)] alias ISO-8859-8-I maps to ISO-8859-8-I already, but someone is trying to make it map to ISO-8859-8
Tem 21, 2018 23:51:36.69 [6682:6682:0721/235136.693268:ERROR:in_progress_cache_impl.cc(188)] Cache is not initialized, cannot RetrieveEntry.
Tem 21, 2018 23:51:36.73 [1:1:0721/235136.739665:ERROR:text_encoding_registry.cc(138)] alias ISO-8859-8-I maps to ISO-8859-8-I already, but someone is trying to make it map to ISO-8859-8
Tem 21, 2018 23:51:36.74 [1:1:0721/235136.744723:ERROR:text_encoding_registry.cc(138)] alias ISO-8859-8-I maps to ISO-8859-8-I already, but someone is trying to make it map to ISO-8859-8
Tem 22, 2018 24:02:47.29 [1:1:0722/000247.290542:ERROR:text_encoding_registry.cc(138)] alias ISO-8859-8-I maps to ISO-8859-8-I already, but someone is trying to make it map to ISO-8859-8
Tem 22, 2018 24:02:47.30 [1:1:0722/000247.305229:ERROR:text_encoding_registry.cc(138)] alias ISO-8859-8-I maps to ISO-8859-8-I already, but someone is trying to make it map to ISO-8859-8
Tem 22, 2018 24:12:23.33 [1:1:0722/001223.333483:ERROR:text_encoding_registry.cc(138)] alias ISO-8859-8-I maps to ISO-8859-8-I already, but someone is trying to make it map to ISO-8859-8
Tem 22, 2018 24:12:23.34 [1:1:0722/001223.342773:ERROR:text_encoding_registry.cc(138)] alias ISO-8859-8-I maps to ISO-8859-8-I already, but someone is trying to make it map to ISO-8859-8
Tem 22, 2018 24:12:38.71 [1:1:0722/001238.710772:ERROR:text_encoding_registry.cc(138)] alias ISO-8859-8-I maps to ISO-8859-8-I already, but someone is trying to make it map to ISO-8859-8
Tem 22, 2018 24:12:38.72 [1:1:0722/001238.723082:ERROR:text_encoding_registry.cc(138)] alias ISO-8859-8-I maps to ISO-8859-8-I already, but someone is trying to make it map to ISO-8859-8
Tem 22, 2018 24:21:04.68 [1:1:0722/002104.681963:ERROR:text_encoding_registry.cc(138)] alias ISO-8859-8-I maps to ISO-8859-8-I already, but someone is trying to make it map to ISO-8859-8
Tem 22, 2018 24:21:04.68 [1:1:0722/002104.686994:ERROR:text_encoding_registry.cc(138)] alias ISO-8859-8-I maps to ISO-8859-8-I already, but someone is trying to make it map to ISO-8859-8
Tem 22, 2018 24:21:36.63 [1:1:0722/002136.639500:ERROR:text_encoding_registry.cc(138)] alias ISO-8859-8-I maps to ISO-8859-8-I already, but someone is trying to make it map to ISO-8859-8
Tem 22, 2018 24:21:36.64 [1:1:0722/002136.647199:ERROR:text_encoding_registry.cc(138)] alias ISO-8859-8-I maps to ISO-8859-8-I already, but someone is trying to make it map to ISO-8859-8
Tem 22, 2018 24:36:33.87 [1:1:0722/003633.877600:ERROR:text_encoding_registry.cc(138)] alias ISO-8859-8-I maps to ISO-8859-8-I already, but someone is trying to make it map to ISO-8859-8
Tem 22, 2018 24:36:33.88 [1:1:0722/003633.882350:ERROR:text_encoding_registry.cc(138)] alias ISO-8859-8-I maps to ISO-8859-8-I already, but someone is trying to make it map to ISO-8859-8
Tem 22, 2018 24:37:19.73 [1:1:0722/003719.730495:ERROR:text_encoding_registry.cc(138)] alias ISO-8859-8-I maps to ISO-8859-8-I already, but someone is trying to make it map to ISO-8859-8
Tem 22, 2018 24:37:19.73 [1:1:0722/003719.736758:ERROR:text_encoding_registry.cc(138)] alias ISO-8859-8-I maps to ISO-8859-8-I already, but someone is trying to make it map to ISO-8859-8
Tem 22, 2018 24:38:12.21 [1:1:0722/003812.213038:ERROR:text_encoding_registry.cc(138)] alias ISO-8859-8-I maps to ISO-8859-8-I already, but someone is trying to make it map to ISO-8859-8
Tem 22, 2018 24:38:12.21 [1:1:0722/003812.216032:ERROR:text_encoding_registry.cc(138)] alias ISO-8859-8-I maps to ISO-8859-8-I already, but someone is trying to make it map to ISO-8859-8
Tem 22, 2018 24:38:36.73 [1:1:0722/003836.732659:ERROR:text_encoding_registry.cc(138)] alias ISO-8859-8-I maps to ISO-8859-8-I already, but someone is trying to make it map to ISO-8859-8
Tem 22, 2018 24:38:36.90 Mevcut tarayıcı oturumunda yeni pencere oluşturuldu.
Tem 22, 2018 24:39:07.67 [1:1:0722/003907.677327:ERROR:text_encoding_registry.cc(138)] alias ISO-8859-8-I maps to ISO-8859-8-I already, but someone is trying to make it map to ISO-8859-8
Tem 22, 2018 24:39:07.68 [1:1:0722/003907.680516:ERROR:text_encoding_registry.cc(138)] alias ISO-8859-8-I maps to ISO-8859-8-I already, but someone is trying to make it map to ISO-8859-8
Tem 22, 2018 24:39:28.82 [1:1:0722/003928.823930:ERROR:text_encoding_registry.cc(138)] alias ISO-8859-8-I maps to ISO-8859-8-I already, but someone is trying to make it map to ISO-8859-8
Tem 22, 2018 24:39:28.82 [1:1:0722/003928.825139:ERROR:text_encoding_registry.cc(138)] alias ISO-8859-8-I maps to ISO-8859-8-I already, but someone is trying to make it map to ISO-8859-8
Tem 22, 2018 24:39:40.13 [11281:11508:0722/003940.138103:ERROR:get_updates_processor.cc(243)] PostClientToServerMessage() failed during GetUpdates
Tem 22, 2018 24:39:47.66 [1:1:0722/003947.664400:ERROR:text_encoding_registry.cc(138)] alias ISO-8859-8-I maps to ISO-8859-8-I already, but someone is trying to make it map to ISO-8859-8
Tem 22, 2018 24:39:47.66 [1:1:0722/003947.666568:ERROR:text_encoding_registry.cc(138)] alias ISO-8859-8-I maps to ISO-8859-8-I already, but someone is trying to make it map to ISO-8859-8
Tem 22, 2018 24:43:53.32 [1:1:0722/004353.322670:ERROR:text_encoding_registry.cc(138)] alias ISO-8859-8-I maps to ISO-8859-8-I already, but someone is trying to make it map to ISO-8859-8
Tem 22, 2018 24:43:53.32 [1:1:0722/004353.328523:ERROR:text_encoding_registry.cc(138)] alias ISO-8859-8-I maps to ISO-8859-8-I already, but someone is trying to make it map to ISO-8859-8
Tem 22, 2018 24:44:21.46 [12335:12335:0722/004421.464141:ERROR:in_progress_cache_impl.cc(188)] Cache is not initialized, cannot RetrieveEntry.
Tem 22, 2018 24:44:21.52 [1:1:0722/004421.521702:ERROR:text_encoding_registry.cc(138)] alias ISO-8859-8-I maps to ISO-8859-8-I already, but someone is trying to make it map to ISO-8859-8
Tem 22, 2018 24:44:21.53 [1:1:0722/004421.526330:ERROR:text_encoding_registry.cc(138)] alias ISO-8859-8-I maps to ISO-8859-8-I already, but someone is trying to make it map to ISO-8859-8

Tem 23, 2018 11:11:58.14 NEW SESSION
Tem 23, 2018 11:11:58.14 [24078:24099:0723/111158.138169:ERROR:connection_factory_impl.cc(403)] Failed to connect to MCS endpoint with error -106
Tem 23, 2018 11:11:58.44 [1:1:0723/111158.441323:ERROR:text_encoding_registry.cc(138)] alias ISO-8859-8-I maps to ISO-8859-8-I already, but someone is trying to make it map to ISO-8859-8
Tem 23, 2018 11:11:58.45 [1:1:0723/111158.455707:ERROR:text_encoding_registry.cc(138)] alias ISO-8859-8-I maps to ISO-8859-8-I already, but someone is trying to make it map to ISO-8859-8
Tem 23, 2018 11:12:17.88 [24078:24078:0723/111217.883636:ERROR:account_info_fetcher.cc(58)] OnGetTokenFailure: Request canceled.
Tem 23, 2018 11:12:24.43 [24332:24352:0723/111224.436907:ERROR:connection_factory_impl.cc(403)] Failed to connect to MCS endpoint with error -106
Tem 23, 2018 11:12:24.60 [1:1:0723/111224.604920:ERROR:text_encoding_registry.cc(138)] alias ISO-8859-8-I maps to ISO-8859-8-I already, but someone is trying to make it map to ISO-8859-8
Tem 23, 2018 11:12:24.60 [1:1:0723/111224.607437:ERROR:text_encoding_registry.cc(138)] alias ISO-8859-8-I maps to ISO-8859-8-I already, but someone is trying to make it map to ISO-8859-8
Tem 23, 2018 11:12:45.10 [24575:24595:0723/111245.108186:ERROR:connection_factory_impl.cc(403)] Failed to connect to MCS endpoint with error -106
Tem 23, 2018 11:12:45.27 [1:1:0723/111245.270896:ERROR:text_encoding_registry.cc(138)] alias ISO-8859-8-I maps to ISO-8859-8-I already, but someone is trying to make it map to ISO-8859-8
Tem 23, 2018 11:12:45.30 [1:1:0723/111245.300121:ERROR:text_encoding_registry.cc(138)] alias ISO-8859-8-I maps to ISO-8859-8-I already, but someone is trying to make it map to ISO-8859-8
Tem 23, 2018 11:13:34.20 [24872:24893:0723/111334.205337:ERROR:connection_factory_impl.cc(403)] Failed to connect to MCS endpoint with error -106
Tem 23, 2018 11:13:34.28 [24872:24872:0723/111334.281566:ERROR:in_progress_cache_impl.cc(188)] Cache is not initialized, cannot RetrieveEntry.
Tem 23, 2018 11:13:34.35 [1:1:0723/111334.356282:ERROR:text_encoding_registry.cc(138)] alias ISO-8859-8-I maps to ISO-8859-8-I already, but someone is trying to make it map to ISO-8859-8
Tem 23, 2018 11:13:34.36 [1:1:0723/111334.363934:ERROR:text_encoding_registry.cc(138)] alias ISO-8859-8-I maps to ISO-8859-8-I already, but someone is trying to make it map to ISO-8859-8
Tem 23, 2018 11:14:05.40 [25152:25172:0723/111405.400962:ERROR:connection_factory_impl.cc(403)] Failed to connect to MCS endpoint with error -106
Tem 23, 2018 11:14:05.57 [1:1:0723/111405.570767:ERROR:text_encoding_registry.cc(138)] alias ISO-8859-8-I maps to ISO-8859-8-I already, but someone is trying to make it map to ISO-8859-8
Tem 23, 2018 11:14:05.57 [1:1:0723/111405.578912:ERROR:text_encoding_registry.cc(138)] alias ISO-8859-8-I maps to ISO-8859-8-I already, but someone is trying to make it map to ISO-8859-8
Tem 23, 2018 11:14:46.49 [25435:25455:0723/111446.499032:ERROR:connection_factory_impl.cc(403)] Failed to connect to MCS endpoint with error -106
Tem 23, 2018 11:14:46.66 [1:1:0723/111446.662553:ERROR:text_encoding_registry.cc(138)] alias ISO-8859-8-I maps to ISO-8859-8-I already, but someone is trying to make it map to ISO-8859-8
Tem 23, 2018 11:14:46.66 [1:1:0723/111446.667684:ERROR:text_encoding_registry.cc(138)] alias ISO-8859-8-I maps to ISO-8859-8-I already, but someone is trying to make it map to ISO-8859-8
Tem 23, 2018 11:15:15.78 [25435:25455:0723/111515.783520:ERROR:connection_factory_impl.cc(403)] Failed to connect to MCS endpoint with error -106
Tem 23, 2018 11:15:20.59 [25435:25435:0723/111520.598204:ERROR:account_tracker.cc(266)] OnGetTokenFailure: Connection failed (-106).
Tem 23, 2018 11:31:33.62 [1:1:0723/113133.624254:ERROR:text_encoding_registry.cc(138)] alias ISO-8859-8-I maps to ISO-8859-8-I already, but someone is trying to make it map to ISO-8859-8
Tem 23, 2018 11:31:33.62 [1:1:0723/113133.627771:ERROR:text_encoding_registry.cc(138)] alias ISO-8859-8-I maps to ISO-8859-8-I already, but someone is trying to make it map to ISO-8859-8
Tem 23, 2018 11:31:34.74 [26970:27006:0723/113134.744183:ERROR:cert_verify_proc_nss.cc(980)] CERT_PKIXVerifyCert for clientservices.googleapis.com failed err=-8179
Tem 23, 2018 11:31:35.07 [26970:27006:0723/113135.073768:ERROR:cert_verify_proc_nss.cc(980)] CERT_PKIXVerifyCert for www.googleapis.com failed err=-8179
Tem 23, 2018 11:31:36.07 [26970:27098:0723/113136.078115:ERROR:cert_verify_proc_nss.cc(980)] CERT_PKIXVerifyCert for accounts.google.com failed err=-8179
Tem 23, 2018 11:31:36.10 [26970:27098:0723/113136.105951:ERROR:cert_verify_proc_nss.cc(980)] CERT_PKIXVerifyCert for clients1.google.com failed err=-8179
Tem 23, 2018 11:31:37.14 [26970:26991:0723/113137.148901:ERROR:ssl_client_socket_impl.cc(1026)] handshake failed; returned -1, SSL error code 1, net_error -100
Tem 23, 2018 11:31:37.14 [26970:26991:0723/113137.149327:ERROR:ssl_client_socket_impl.cc(1026)] handshake failed; returned -1, SSL error code 1, net_error -100
Tem 23, 2018 11:31:46.23 [26970:27099:0723/113146.237196:ERROR:cert_verify_proc_nss.cc(980)] CERT_PKIXVerifyCert for www.google.com failed err=-8179
Tem 23, 2018 11:31:46.26 [26970:27099:0723/113146.265094:ERROR:cert_verify_proc_nss.cc(980)] CERT_PKIXVerifyCert for ssl.gstatic.com failed err=-8179
Tem 23, 2018 11:31:46.92 [26970:27003:0723/113146.929088:ERROR:cert_verify_proc_nss.cc(980)] CERT_PKIXVerifyCert for clients2.google.com failed err=-8179
Tem 23, 2018 11:31:50.66 [26970:27003:0723/113150.668410:ERROR:cert_verify_proc_nss.cc(980)] CERT_PKIXVerifyCert for clients4.google.com failed err=-8179
Tem 23, 2018 11:32:10.83 [26970:26970:0723/113210.838320:ERROR:account_tracker.cc(266)] OnGetTokenFailure: Request canceled.
Tem 23, 2018 11:32:34.84 [26970:27003:0723/113234.840165:ERROR:cert_verify_proc_nss.cc(980)] CERT_PKIXVerifyCert for www.gstatic.com failed err=-8179
Tem 23, 2018 11:33:33.53 [26970:27003:0723/113333.532339:ERROR:cert_verify_proc_nss.cc(980)] CERT_PKIXVerifyCert for safebrowsing.googleapis.com failed err=-8179
Tem 23, 2018 11:33:45.76 [26970:26991:0723/113345.762492:ERROR:connection_factory_impl.cc(403)] Failed to connect to MCS endpoint with error -118
Tem 23, 2018 11:34:18.02 [26970:27003:0723/113418.024041:ERROR:cert_verify_proc_nss.cc(980)] CERT_PKIXVerifyCert for mtalk.google.com failed err=-8179
Tem 23, 2018 11:34:18.02 [26970:26991:0723/113418.024471:ERROR:connection_factory_impl.cc(403)] Failed to connect to MCS endpoint with error -202
Tem 23, 2018 11:36:39.91 [26970:27384:0723/113639.916602:ERROR:cert_verify_proc_nss.cc(980)] CERT_PKIXVerifyCert for beacons.gcp.gvt2.com failed err=-8179
Tem 23, 2018 11:36:41.42 [26970:27384:0723/113641.420671:ERROR:cert_verify_proc_nss.cc(980)] CERT_PKIXVerifyCert for beacons.gvt2.com failed err=-8179
Tem 23, 2018 11:36:43.09 [26970:27384:0723/113643.090942:ERROR:cert_verify_proc_nss.cc(980)] CERT_PKIXVerifyCert for beacons2.gvt2.com failed err=-8179
Tem 23, 2018 11:36:44.89 [26970:27384:0723/113644.891134:ERROR:cert_verify_proc_nss.cc(980)] CERT_PKIXVerifyCert for beacons3.gvt2.com failed err=-8179
Tem 23, 2018 11:36:46.51 [26970:27384:0723/113646.514069:ERROR:cert_verify_proc_nss.cc(980)] CERT_PKIXVerifyCert for beacons4.gvt2.com failed err=-8179
Tem 23, 2018 11:36:50.71 [26970:27384:0723/113650.710984:ERROR:cert_verify_proc_nss.cc(980)] CERT_PKIXVerifyCert for beacons5.gvt2.com failed err=-8179
Tem 23, 2018 11:36:52.30 [26970:27384:0723/113652.303064:ERROR:cert_verify_proc_nss.cc(980)] CERT_PKIXVerifyCert for beacons5.gvt3.com failed err=-8179
Tem 23, 2018 11:37:22.85 [26970:26991:0723/113722.850405:ERROR:connection_factory_impl.cc(403)] Failed to connect to MCS endpoint with error -118
Tem 23, 2018 11:37:37.21 [26970:27384:0723/113737.211183:ERROR:cert_verify_proc_nss.cc(980)] CERT_PKIXVerifyCert for update.googleapis.com failed err=-8179
Tem 23, 2018 11:38:24.29 [26970:27384:0723/113824.289972:ERROR:cert_verify_proc_nss.cc(980)] CERT_PKIXVerifyCert for clients4.google.com failed err=-8179
Tem 23, 2018 11:38:24.31 [26970:26970:0723/113824.290989:ERROR:gcm_channel_status_request.cc(127)] GCM channel request failed.
Tem 23, 2018 11:38:51.25 [26970:26970:0723/113851.255049:ERROR:gcm_channel_status_request.cc(127)] GCM channel request failed.
Tem 23, 2018 11:39:07.19 [26970:26991:0723/113907.192992:ERROR:connection_factory_impl.cc(403)] Failed to connect to MCS endpoint with error -202
Tem 23, 2018 11:39:33.43 [26970:26970:0723/113933.436292:ERROR:gcm_channel_status_request.cc(127)] GCM channel request failed.
Tem 23, 2018 11:41:01.49 [26970:26970:0723/114101.498522:ERROR:gcm_channel_status_request.cc(127)] GCM channel request failed.
Tem 23, 2018 11:44:20.64 [26970:26991:0723/114420.642386:ERROR:connection_factory_impl.cc(403)] Failed to connect to MCS endpoint with error -118
Tem 23, 2018 11:44:52.92 [26970:26970:0723/114452.921936:ERROR:gcm_channel_status_request.cc(127)] GCM channel request failed.
Tem 23, 2018 11:50:39.51 [26970:26970:0723/115039.518951:ERROR:gcm_channel_status_request.cc(127)] GCM channel request failed.
Tem 23, 2018 11:51:55.77 [26970:26991:0723/115155.777853:ERROR:connection_factory_impl.cc(403)] Failed to connect to MCS endpoint with error -202
Tem 23, 2018 11:52:02.25 [1:1:0723/115202.247553:ERROR:text_encoding_registry.cc(138)] alias ISO-8859-8-I maps to ISO-8859-8-I already, but someone is trying to make it map to ISO-8859-8
Tem 23, 2018 11:52:02.42 Mevcut tarayıcı oturumunda yeni pencere oluşturuldu.
Tem 23, 2018 11:59:03.05 [1:1:0723/115903.054234:ERROR:text_encoding_registry.cc(138)] alias ISO-8859-8-I maps to ISO-8859-8-I already, but someone is trying to make it map to ISO-8859-8
Tem 23, 2018 11:59:03.05 [1:1:0723/115903.058864:ERROR:text_encoding_registry.cc(138)] alias ISO-8859-8-I maps to ISO-8859-8-I already, but someone is trying to make it map to ISO-8859-8
Tem 23, 2018 11:59:04.15 [28678:28713:0723/115904.152700:ERROR:cert_verify_proc_nss.cc(980)] CERT_PKIXVerifyCert for clientservices.googleapis.com failed err=-8179
Tem 23, 2018 11:59:04.57 [28678:28785:0723/115904.577670:ERROR:cert_verify_proc_nss.cc(980)] CERT_PKIXVerifyCert for accounts.google.com failed err=-8179
Tem 23, 2018 11:59:04.97 [28678:28785:0723/115904.971806:ERROR:cert_verify_proc_nss.cc(980)] CERT_PKIXVerifyCert for www.googleapis.com failed err=-8179
Tem 23, 2018 11:59:05.73 [28678:28710:0723/115905.732963:ERROR:cert_verify_proc_nss.cc(980)] CERT_PKIXVerifyCert for clients1.google.com failed err=-8179
Tem 23, 2018 12:03:34.19 [1:1:0723/120334.188106:ERROR:text_encoding_registry.cc(138)] alias ISO-8859-8-I maps to ISO-8859-8-I already, but someone is trying to make it map to ISO-8859-8
Tem 23, 2018 12:03:34.19 [1:1:0723/120334.194240:ERROR:text_encoding_registry.cc(138)] alias ISO-8859-8-I maps to ISO-8859-8-I already, but someone is trying to make it map to ISO-8859-8
Tem 23, 2018 12:03:34.19 [29224:29256:0723/120334.194839:ERROR:cert_verify_proc_nss.cc(980)] CERT_PKIXVerifyCert for clientservices.googleapis.com failed err=-8179
Tem 23, 2018 12:03:34.29 [29224:29259:0723/120334.290150:ERROR:cert_verify_proc_nss.cc(980)] CERT_PKIXVerifyCert for www.googleapis.com failed err=-8179
Tem 23, 2018 12:03:34.49 [29224:29259:0723/120334.497408:ERROR:cert_verify_proc_nss.cc(980)] CERT_PKIXVerifyCert for accounts.google.com failed err=-8179
Tem 23, 2018 12:03:36.05 [29224:29258:0723/120336.059628:ERROR:cert_verify_proc_nss.cc(980)] CERT_PKIXVerifyCert for clients1.google.com failed err=-8179
Tem 24, 2018 07:10:21.38 [1:1:0724/071021.385490:ERROR:text_encoding_registry.cc(138)] alias ISO-8859-8-I maps to ISO-8859-8-I already, but someone is trying to make it map to ISO-8859-8
Tem 24, 2018 07:10:21.40 [1:1:0724/071021.404764:ERROR:text_encoding_registry.cc(138)] alias ISO-8859-8-I maps to ISO-8859-8-I already, but someone is trying to make it map to ISO-8859-8
Tem 24, 2018 07:10:33.28 [13026:13267:0724/071033.284875:ERROR:get_updates_processor.cc(243)] PostClientToServerMessage() failed during GetUpdates
Tem 24, 2018 07:10:46.92 [1:1:0724/071046.922421:ERROR:text_encoding_registry.cc(138)] alias ISO-8859-8-I maps to ISO-8859-8-I already, but someone is trying to make it map to ISO-8859-8
Tem 24, 2018 07:10:46.92 [1:1:0724/071046.926286:ERROR:text_encoding_registry.cc(138)] alias ISO-8859-8-I maps to ISO-8859-8-I already, but someone is trying to make it map to ISO-8859-8
Tem 24, 2018 07:11:17.71 [1:1:0724/071117.713797:ERROR:text_encoding_registry.cc(138)] alias ISO-8859-8-I maps to ISO-8859-8-I already, but someone is trying to make it map to ISO-8859-8
Tem 24, 2018 07:11:17.72 [1:1:0724/071117.722830:ERROR:text_encoding_registry.cc(138)] alias ISO-8859-8-I maps to ISO-8859-8-I already, but someone is trying to make it map to ISO-8859-8
Tem 24, 2018 07:11:43.77 [1:1:0724/071143.775280:ERROR:text_encoding_registry.cc(138)] alias ISO-8859-8-I maps to ISO-8859-8-I already, but someone is trying to make it map to ISO-8859-8
Tem 24, 2018 07:11:43.78 [1:1:0724/071143.782415:ERROR:text_encoding_registry.cc(138)] alias ISO-8859-8-I maps to ISO-8859-8-I already, but someone is trying to make it map to ISO-8859-8
Tem 24, 2018 07:11:49.38 [1:1:0724/071149.381899:ERROR:text_encoding_registry.cc(138)] alias ISO-8859-8-I maps to ISO-8859-8-I already, but someone is trying to make it map to ISO-8859-8
Tem 24, 2018 07:11:49.38 [1:1:0724/071149.385826:ERROR:text_encoding_registry.cc(138)] alias ISO-8859-8-I maps to ISO-8859-8-I already, but someone is trying to make it map to ISO-8859-8
Tem 24, 2018 07:12:32.04 [1:1:0724/071232.042011:ERROR:text_encoding_registry.cc(138)] alias ISO-8859-8-I maps to ISO-8859-8-I already, but someone is trying to make it map to ISO-8859-8
Tem 24, 2018 07:12:32.04 [1:1:0724/071232.047072:ERROR:text_encoding_registry.cc(138)] alias ISO-8859-8-I maps to ISO-8859-8-I already, but someone is trying to make it map to ISO-8859-8
Tem 24, 2018 07:12:44.32 [14528:14528:0724/071244.326479:ERROR:in_progress_cache_impl.cc(188)] Cache is not initialized, cannot RetrieveEntry.
Tem 24, 2018 07:12:44.39 [1:1:0724/071244.396429:ERROR:text_encoding_registry.cc(138)] alias ISO-8859-8-I maps to ISO-8859-8-I already, but someone is trying to make it map to ISO-8859-8
Tem 24, 2018 07:12:44.43 [1:1:0724/071244.430848:ERROR:text_encoding_registry.cc(138)] alias ISO-8859-8-I maps to ISO-8859-8-I already, but someone is trying to make it map to ISO-8859-8
Tem 24, 2018 07:13:18.86 [1:1:0724/071318.869547:ERROR:text_encoding_registry.cc(138)] alias ISO-8859-8-I maps to ISO-8859-8-I already, but someone is trying to make it map to ISO-8859-8
Tem 24, 2018 07:13:18.87 [1:1:0724/071318.870798:ERROR:text_encoding_registry.cc(138)] alias ISO-8859-8-I maps to ISO-8859-8-I already, but someone is trying to make it map to ISO-8859-8
Tem 24, 2018 07:13:27.36 [1:1:0724/071327.363381:ERROR:text_encoding_registry.cc(138)] alias ISO-8859-8-I maps to ISO-8859-8-I already, but someone is trying to make it map to ISO-8859-8
Tem 24, 2018 07:13:27.37 [1:1:0724/071327.372291:ERROR:text_encoding_registry.cc(138)] alias ISO-8859-8-I maps to ISO-8859-8-I already, but someone is trying to make it map to ISO-8859-8

Tem 25, 2018 14:31:22.35 NEW SESSION
Tem 25, 2018 14:31:22.35 Mevcut tarayıcı oturumunda yeni pencere oluşturuldu.

Tem 25, 2018 21:14:32.02 NEW SESSION
Tem 25, 2018 21:14:32.02 [1:1:0725/211432.025796:ERROR:text_encoding_registry.cc(138)] alias ISO-8859-8-I maps to ISO-8859-8-I already, but someone is trying to make it map to ISO-8859-8
Tem 25, 2018 21:14:32.03 [1:1:0725/211432.033416:ERROR:text_encoding_registry.cc(138)] alias ISO-8859-8-I maps to ISO-8859-8-I already, but someone is trying to make it map to ISO-8859-8
